2023-10-03 22:44:33,716 [INFO] Activator:177 - 


2023-10-03 22:44:33,718 [INFO] Activator:178 - !SESSION log4j initialized
2023-10-04 15:00:33,166 [INFO] Activator:177 - 


2023-10-04 15:00:33,168 [INFO] Activator:178 - !SESSION log4j initialized
2023-10-04 15:00:51,045 [INFO] McuFinderGlobals:39 - Set McuFinder mode to 2 (CubeIDE integrated)
2023-10-04 15:00:51,490 [INFO] ApplicationProperties:181 - Using Application install path: C:\ST\STM32CubeIDE_1.7.0\STM32CubeIDE\plugins\com.st.stm32cube.common.mx_6.3.0.202107141111
2023-10-04 15:00:51,504 [INFO] DbMcusXml:74 - Set database path to: C:\ST\STM32CubeIDE_1.7.0\STM32CubeIDE\plugins\com.st.stm32cube.common.mx_6.3.0.202107141111\\db\/mcu/
2023-10-04 15:00:51,508 [INFO] DbBoardsPdsc:56 - Set plugin database path to: C:\ST\STM32CubeIDE_1.7.0\STM32CubeIDE\plugins\com.st.stm32cube.common.mx_6.3.0.202107141111\\db\/plugins/boardmanager/
2023-10-04 15:00:51,508 [INFO] DbMcus:258 - Set plugin images path to: C:\ST\STM32CubeIDE_1.7.0\STM32CubeIDE\plugins\com.st.stm32cube.common.mx_6.3.0.202107141111\\db\/plugins/mcufinder/images/
2023-10-04 15:00:51,508 [INFO] DbBoards:264 - Set plugin images path to: C:\ST\STM32CubeIDE_1.7.0\STM32CubeIDE\plugins\com.st.stm32cube.common.mx_6.3.0.202107141111\\db\/plugins/mcufinder/images/
2023-10-04 15:00:51,510 [INFO] DbExamples:333 - Set plugin images path to: C:\ST\STM32CubeIDE_1.7.0\STM32CubeIDE\plugins\com.st.stm32cube.common.mx_6.3.0.202107141111\\db\/plugins/mcufinder/images/
2023-10-04 15:00:51,519 [INFO] DbMcusAds:119 - Set database path to: C:\Users\nvnha\.stmcufinder\plugins\mcufinder//mcu/
2023-10-04 15:00:51,520 [INFO] DbMcusDocs:110 - Set database path to: C:\Users\nvnha\.stmcufinder\plugins\mcufinder//mcu/
2023-10-04 15:00:51,522 [INFO] DbMcusJson:64 - Set database path to: C:\Users\nvnha\.stmcufinder\plugins\mcufinder//mcu/
2023-10-04 15:00:51,522 [INFO] DbBoardsDocs:110 - Set database path to: C:\Users\nvnha\.stmcufinder\plugins\mcufinder//mcu/
2023-10-04 15:00:51,524 [INFO] DbBoardsJson:57 - Set database path to: C:\Users\nvnha\.stmcufinder\plugins\mcufinder//mcu/
2023-10-04 15:00:52,310 [INFO] CrossReferenceDbSqlite:196 - Set database path to: C:\Users\nvnha\.stmcufinder\plugins\mcufinder//mcu/cs/
2023-10-04 15:00:52,314 [INFO] DbExamplesSqlite:767 - Set database path to: C:\Users\nvnha\.stmcufinder\plugins\mcufinder//mcu/
2023-10-04 15:00:52,437 [INFO] RulesReader:57 - Compatibility file has been processed (242 Rules)
2023-10-04 15:00:52,526 [INFO] DbMcusXml:74 - Set database path to: C:\ST\STM32CubeIDE_1.7.0\STM32CubeIDE\plugins\com.st.stm32cube.common.mx_6.3.0.202107141111\\db\/mcu/
2023-10-04 15:00:52,527 [INFO] DbBoardsPdsc:56 - Set plugin database path to: C:\ST\STM32CubeIDE_1.7.0\STM32CubeIDE\plugins\com.st.stm32cube.common.mx_6.3.0.202107141111\\db\/plugins/boardmanager/
2023-10-04 15:00:52,527 [INFO] DbMcus:258 - Set plugin images path to: C:\ST\STM32CubeIDE_1.7.0\STM32CubeIDE\plugins\com.st.stm32cube.common.mx_6.3.0.202107141111\\db\/plugins/mcufinder/images/
2023-10-04 15:00:52,527 [INFO] DbBoards:264 - Set plugin images path to: C:\ST\STM32CubeIDE_1.7.0\STM32CubeIDE\plugins\com.st.stm32cube.common.mx_6.3.0.202107141111\\db\/plugins/mcufinder/images/
2023-10-04 15:00:52,527 [INFO] DbExamples:333 - Set plugin images path to: C:\ST\STM32CubeIDE_1.7.0\STM32CubeIDE\plugins\com.st.stm32cube.common.mx_6.3.0.202107141111\\db\/plugins/mcufinder/images/
2023-10-04 15:00:52,527 [WARN] DbFile:35 - Overriding database path with different value: C:\Users\nvnha\.stmcufinder\plugins\mcufinder/ => C:\Users\nvnha\.stmcufinder\plugins\mcufinder
2023-10-04 15:00:52,528 [INFO] DbMcusAds:119 - Set database path to: C:\Users\nvnha\.stmcufinder\plugins\mcufinder//mcu/
2023-10-04 15:00:52,528 [WARN] DbFile:35 - Overriding database path with different value: C:\Users\nvnha\.stmcufinder\plugins\mcufinder/ => C:\Users\nvnha\.stmcufinder\plugins\mcufinder
2023-10-04 15:00:52,528 [INFO] DbMcusDocs:110 - Set database path to: C:\Users\nvnha\.stmcufinder\plugins\mcufinder//mcu/
2023-10-04 15:00:52,528 [WARN] DbFile:35 - Overriding database path with different value: C:\Users\nvnha\.stmcufinder\plugins\mcufinder/ => C:\Users\nvnha\.stmcufinder\plugins\mcufinder
2023-10-04 15:00:52,528 [INFO] DbMcusJson:64 - Set database path to: C:\Users\nvnha\.stmcufinder\plugins\mcufinder//mcu/
2023-10-04 15:00:52,528 [WARN] DbFile:35 - Overriding database path with different value: C:\Users\nvnha\.stmcufinder\plugins\mcufinder/ => C:\Users\nvnha\.stmcufinder\plugins\mcufinder
2023-10-04 15:00:52,528 [INFO] DbBoardsDocs:110 - Set database path to: C:\Users\nvnha\.stmcufinder\plugins\mcufinder//mcu/
2023-10-04 15:00:52,528 [WARN] DbFile:35 - Overriding database path with different value: C:\Users\nvnha\.stmcufinder\plugins\mcufinder/ => C:\Users\nvnha\.stmcufinder\plugins\mcufinder
2023-10-04 15:00:52,528 [INFO] DbBoardsJson:57 - Set database path to: C:\Users\nvnha\.stmcufinder\plugins\mcufinder//mcu/
2023-10-04 15:00:52,528 [WARN] DbFile:35 - Overriding database path with different value: C:\Users\nvnha\.stmcufinder\plugins\mcufinder/ => C:\Users\nvnha\.stmcufinder\plugins\mcufinder
2023-10-04 15:00:52,529 [WARN] DbFile:35 - Overriding database path with different value: C:\Users\nvnha\.stmcufinder\plugins\mcufinder/ => C:\Users\nvnha\.stmcufinder\plugins\mcufinder
2023-10-04 15:00:53,311 [INFO] CrossReferenceDbSqlite:196 - Set database path to: C:\Users\nvnha\.stmcufinder\plugins\mcufinder//mcu/cs/
2023-10-04 15:00:53,311 [WARN] DbFile:35 - Overriding database path with different value: C:\Users\nvnha\.stmcufinder\plugins\mcufinder/ => C:\Users\nvnha\.stmcufinder\plugins\mcufinder
2023-10-04 15:00:53,311 [INFO] DbExamplesSqlite:767 - Set database path to: C:\Users\nvnha\.stmcufinder\plugins\mcufinder//mcu/
2023-10-04 15:00:53,379 [INFO] MainPanel:214 - HeapMemory: 268435456
2023-10-04 15:00:53,480 [INFO] DbMcusXml:74 - Set database path to: C:\ST\STM32CubeIDE_1.7.0\STM32CubeIDE\plugins\com.st.stm32cube.common.mx_6.3.0.202107141111\\db\/mcu/
2023-10-04 15:00:53,481 [INFO] DbBoardsPdsc:56 - Set plugin database path to: C:\ST\STM32CubeIDE_1.7.0\STM32CubeIDE\plugins\com.st.stm32cube.common.mx_6.3.0.202107141111\\db\/plugins/boardmanager/
2023-10-04 15:00:53,481 [INFO] DbMcus:258 - Set plugin images path to: C:\ST\STM32CubeIDE_1.7.0\STM32CubeIDE\plugins\com.st.stm32cube.common.mx_6.3.0.202107141111\\db\/plugins/mcufinder/images/
2023-10-04 15:00:53,481 [INFO] DbBoards:264 - Set plugin images path to: C:\ST\STM32CubeIDE_1.7.0\STM32CubeIDE\plugins\com.st.stm32cube.common.mx_6.3.0.202107141111\\db\/plugins/mcufinder/images/
2023-10-04 15:00:53,481 [INFO] DbExamples:333 - Set plugin images path to: C:\ST\STM32CubeIDE_1.7.0\STM32CubeIDE\plugins\com.st.stm32cube.common.mx_6.3.0.202107141111\\db\/plugins/mcufinder/images/
2023-10-04 15:00:53,481 [WARN] DbFile:35 - Overriding database path with different value: C:\Users\nvnha\.stmcufinder\plugins\mcufinder/ => C:\Users\nvnha\.stmcufinder\plugins\mcufinder
2023-10-04 15:00:53,481 [INFO] DbMcusAds:119 - Set database path to: C:\Users\nvnha\.stmcufinder\plugins\mcufinder//mcu/
2023-10-04 15:00:53,481 [WARN] DbFile:35 - Overriding database path with different value: C:\Users\nvnha\.stmcufinder\plugins\mcufinder/ => C:\Users\nvnha\.stmcufinder\plugins\mcufinder
2023-10-04 15:00:53,481 [INFO] DbMcusDocs:110 - Set database path to: C:\Users\nvnha\.stmcufinder\plugins\mcufinder//mcu/
2023-10-04 15:00:53,481 [WARN] DbFile:35 - Overriding database path with different value: C:\Users\nvnha\.stmcufinder\plugins\mcufinder/ => C:\Users\nvnha\.stmcufinder\plugins\mcufinder
2023-10-04 15:00:53,481 [INFO] DbMcusJson:64 - Set database path to: C:\Users\nvnha\.stmcufinder\plugins\mcufinder//mcu/
2023-10-04 15:00:53,481 [WARN] DbFile:35 - Overriding database path with different value: C:\Users\nvnha\.stmcufinder\plugins\mcufinder/ => C:\Users\nvnha\.stmcufinder\plugins\mcufinder
2023-10-04 15:00:53,482 [INFO] DbBoardsDocs:110 - Set database path to: C:\Users\nvnha\.stmcufinder\plugins\mcufinder//mcu/
2023-10-04 15:00:53,482 [WARN] DbFile:35 - Overriding database path with different value: C:\Users\nvnha\.stmcufinder\plugins\mcufinder/ => C:\Users\nvnha\.stmcufinder\plugins\mcufinder
2023-10-04 15:00:53,482 [INFO] DbBoardsJson:57 - Set database path to: C:\Users\nvnha\.stmcufinder\plugins\mcufinder//mcu/
2023-10-04 15:00:53,482 [WARN] DbFile:35 - Overriding database path with different value: C:\Users\nvnha\.stmcufinder\plugins\mcufinder/ => C:\Users\nvnha\.stmcufinder\plugins\mcufinder
2023-10-04 15:00:53,482 [WARN] DbFile:35 - Overriding database path with different value: C:\Users\nvnha\.stmcufinder\plugins\mcufinder/ => C:\Users\nvnha\.stmcufinder\plugins\mcufinder
2023-10-04 15:00:54,315 [INFO] CrossReferenceDbSqlite:196 - Set database path to: C:\Users\nvnha\.stmcufinder\plugins\mcufinder//mcu/cs/
2023-10-04 15:00:54,315 [WARN] DbFile:35 - Overriding database path with different value: C:\Users\nvnha\.stmcufinder\plugins\mcufinder/ => C:\Users\nvnha\.stmcufinder\plugins\mcufinder
2023-10-04 15:00:54,315 [INFO] DbExamplesSqlite:767 - Set database path to: C:\Users\nvnha\.stmcufinder\plugins\mcufinder//mcu/
2023-10-04 15:00:54,353 [INFO] ApplicationProperties:181 - Using Application install path: C:\ST\STM32CubeIDE_1.7.0\STM32CubeIDE\plugins\com.st.stm32cube.common.mx_6.3.0.202107141111
2023-10-04 15:00:54,354 [INFO] PluginManage:188 - Search for loadable plugins [exclusion list=, ]
2023-10-04 15:00:54,356 [INFO] PluginManage:302 - Check plugin analytics
2023-10-04 15:00:55,361 [INFO] AnalyticsPlugin:257 - Accepted Software Licenses: 
2023-10-04 15:00:55,362 [INFO] AnalyticsPlugin:259 - Accepted CMSIS Pack Licenses: 
2023-10-04 15:00:55,362 [INFO] AnalyticsPlugin:261 - Accepted Firmware Licenses: 
2023-10-04 15:00:55,362 [INFO] PluginManage:352 - Loaded plugin analytics (category:tool,tabindex:-1)
2023-10-04 15:00:55,362 [INFO] PluginManage:302 - Check plugin clock
2023-10-04 15:00:55,385 [INFO] PluginManage:352 - Loaded plugin clock (category:base,tabindex:2)
2023-10-04 15:00:55,385 [INFO] PluginManage:302 - Check plugin ddr
2023-10-04 15:00:55,388 [INFO] PluginManage:352 - Loaded plugin ddr (category:tool,tabindex:6)
2023-10-04 15:00:55,388 [INFO] PluginManage:302 - Check plugin filemanager
2023-10-04 15:00:55,509 [INFO] PluginManage:352 - Loaded plugin filemanager (category:base,tabindex:10)
2023-10-04 15:00:55,509 [INFO] PluginManage:302 - Check plugin ipmanager
2023-10-04 15:00:55,518 [INFO] PluginManage:352 - Loaded plugin ipmanager (category:base,tabindex:5)
2023-10-04 15:00:55,518 [INFO] PluginManage:302 - Check plugin pinoutandconfiguration
2023-10-04 15:00:55,536 [INFO] PluginManage:352 - Loaded plugin pinoutandconfiguration (category:base,tabindex:1)
2023-10-04 15:00:55,536 [INFO] PluginManage:302 - Check plugin pinoutconfig
2023-10-04 15:00:55,571 [INFO] PluginManage:352 - Loaded plugin pinoutconfig (category:base,tabindex:0)
2023-10-04 15:00:55,571 [INFO] PluginManage:302 - Check plugin power
2023-10-04 15:00:55,592 [INFO] PluginManage:352 - Loaded plugin power (category:power,tabindex:4)
2023-10-04 15:00:55,592 [INFO] PluginManage:302 - Check plugin projectmanager
2023-10-04 15:00:55,606 [INFO] PluginManage:352 - Loaded plugin projectmanager (category:projectmanager,tabindex:3)
2023-10-04 15:00:55,606 [INFO] PluginManage:302 - Check plugin thirdparty
2023-10-04 15:00:55,842 [WARN] IntegrityCheckThread:78 - waiting for thirdparty lock release [integrity check]
2023-10-04 15:00:55,842 [INFO] PluginManage:352 - Loaded plugin thirdparty (category:base,tabindex:-1)
2023-10-04 15:00:55,842 [INFO] IntegrityCheckThread:80 - entering critical section [integrity check]
2023-10-04 15:00:55,842 [INFO] PluginManage:302 - Check plugin tools
2023-10-04 15:00:55,842 [INFO] ThirdPartyUpdaterWithRetryManager:66 - Updater plugin not ready yet. [1/15]
2023-10-04 15:00:55,902 [INFO] PluginManage:352 - Loaded plugin tools (category:base,tabindex:7)
2023-10-04 15:00:55,902 [INFO] PluginManage:302 - Check plugin tutovideos
2023-10-04 15:00:56,124 [INFO] PluginManage:352 - Loaded plugin tutovideos (category:base,tabindex:-1)
2023-10-04 15:00:56,125 [INFO] PluginManage:302 - Check plugin updater
2023-10-04 15:00:56,138 [INFO] PluginManage:352 - Loaded plugin updater (category:base,tabindex:12)
2023-10-04 15:00:56,138 [INFO] PluginManage:275 - PluginManage : Loaded plugins [13]
2023-10-04 15:00:56,308 [INFO] PinOutPanel:1463 - setPackage(No Configuration,No Configuration)
2023-10-04 15:00:56,400 [INFO] IPUIPlugin:74 - create IPUIPlugin
2023-10-04 15:00:56,401 [INFO] PluginManager:213 - loadIPPluginJar : add adc
2023-10-04 15:00:56,444 [INFO] IPUIPlugin:74 - create IPUIPlugin
2023-10-04 15:00:56,444 [INFO] PluginManager:213 - loadIPPluginJar : add aes
2023-10-04 15:00:56,493 [INFO] IPUIPlugin:74 - create IPUIPlugin
2023-10-04 15:00:56,493 [INFO] PluginManager:213 - loadIPPluginJar : add can
2023-10-04 15:00:56,527 [INFO] IPUIPlugin:74 - create IPUIPlugin
2023-10-04 15:00:56,527 [INFO] PluginManager:213 - loadIPPluginJar : add comp
2023-10-04 15:00:56,568 [INFO] IPUIPlugin:74 - create IPUIPlugin
2023-10-04 15:00:56,568 [INFO] PluginManager:213 - loadIPPluginJar : add cryp
2023-10-04 15:00:56,608 [INFO] IPUIPlugin:74 - create IPUIPlugin
2023-10-04 15:00:56,608 [INFO] PluginManager:213 - loadIPPluginJar : add dfsdm
2023-10-04 15:00:56,623 [INFO] IPUIPlugin:74 - create IPUIPlugin
2023-10-04 15:00:56,624 [INFO] PluginManager:213 - loadIPPluginJar : add dma
2023-10-04 15:00:56,676 [INFO] IPUIPlugin:74 - create IPUIPlugin
2023-10-04 15:00:56,676 [INFO] PluginManager:213 - loadIPPluginJar : add dma3
2023-10-04 15:00:56,706 [INFO] IPUIPlugin:74 - create IPUIPlugin
2023-10-04 15:00:56,706 [INFO] PluginManager:213 - loadIPPluginJar : add fatfs
2023-10-04 15:00:56,765 [INFO] IPUIPlugin:74 - create IPUIPlugin
2023-10-04 15:00:56,765 [INFO] PluginManager:213 - loadIPPluginJar : add fmc
2023-10-04 15:00:56,780 [INFO] IPUIPlugin:74 - create IPUIPlugin
2023-10-04 15:00:56,781 [INFO] PluginManager:213 - loadIPPluginJar : add freertos
2023-10-04 15:00:56,813 [INFO] IPUIPlugin:74 - create IPUIPlugin
2023-10-04 15:00:56,813 [INFO] PluginManager:213 - loadIPPluginJar : add genericplugin
2023-10-04 15:00:56,910 [INFO] IPUIPlugin:74 - create IPUIPlugin
2023-10-04 15:00:56,910 [INFO] PluginManager:213 - loadIPPluginJar : add gfxmmu
2023-10-04 15:00:57,049 [INFO] IPUIPlugin:74 - create IPUIPlugin
2023-10-04 15:00:57,049 [INFO] PluginManager:213 - loadIPPluginJar : add gic
2023-10-04 15:00:57,064 [INFO] IPUIPlugin:74 - create IPUIPlugin
2023-10-04 15:00:57,064 [INFO] PluginManager:213 - loadIPPluginJar : add gpio
2023-10-04 15:00:57,151 [INFO] IPUIPlugin:74 - create IPUIPlugin
2023-10-04 15:00:57,151 [INFO] PluginManager:213 - loadIPPluginJar : add gtzc
2023-10-04 15:00:57,191 [INFO] IPUIPlugin:74 - create IPUIPlugin
2023-10-04 15:00:57,191 [INFO] PluginManager:213 - loadIPPluginJar : add hash
2023-10-04 15:00:57,256 [INFO] IPUIPlugin:74 - create IPUIPlugin
2023-10-04 15:00:57,256 [INFO] PluginManager:213 - loadIPPluginJar : add i2c
2023-10-04 15:00:57,309 [INFO] IPUIPlugin:74 - create IPUIPlugin
2023-10-04 15:00:57,309 [INFO] PluginManager:213 - loadIPPluginJar : add i2s
2023-10-04 15:00:57,323 [INFO] IPUIPlugin:74 - create IPUIPlugin
2023-10-04 15:00:57,323 [INFO] PluginManager:213 - loadIPPluginJar : add ipddr
2023-10-04 15:00:57,429 [INFO] IPUIPlugin:74 - create IPUIPlugin
2023-10-04 15:00:57,429 [INFO] PluginManager:213 - loadIPPluginJar : add linkedlist
2023-10-04 15:00:57,486 [INFO] IPUIPlugin:74 - create IPUIPlugin
2023-10-04 15:00:57,486 [INFO] PluginManager:213 - loadIPPluginJar : add lorawan
2023-10-04 15:00:57,533 [INFO] IPUIPlugin:74 - create IPUIPlugin
2023-10-04 15:00:57,534 [INFO] PluginManager:213 - loadIPPluginJar : add ltdc
2023-10-04 15:00:57,547 [INFO] IPUIPlugin:74 - create IPUIPlugin
2023-10-04 15:00:57,547 [INFO] PluginManager:213 - loadIPPluginJar : add mdma
2023-10-04 15:00:57,561 [INFO] IPUIPlugin:74 - create IPUIPlugin
2023-10-04 15:00:57,561 [INFO] PluginManager:213 - loadIPPluginJar : add nvic
2023-10-04 15:00:57,613 [INFO] IPUIPlugin:74 - create IPUIPlugin
2023-10-04 15:00:57,613 [INFO] PluginManager:213 - loadIPPluginJar : add opamp
2023-10-04 15:00:57,700 [INFO] IPUIPlugin:74 - create IPUIPlugin
2023-10-04 15:00:57,701 [INFO] PluginManager:213 - loadIPPluginJar : add openamp
2023-10-04 15:00:57,768 [INFO] IPUIPlugin:74 - create IPUIPlugin
2023-10-04 15:00:57,769 [INFO] PluginManager:213 - loadIPPluginJar : add pdm2pcm
2023-10-04 15:00:57,787 [INFO] IPUIPlugin:74 - create IPUIPlugin
2023-10-04 15:00:57,789 [INFO] PluginManager:213 - loadIPPluginJar : add plateformsettings
2023-10-04 15:00:57,830 [INFO] IPUIPlugin:74 - create IPUIPlugin
2023-10-04 15:00:57,830 [INFO] PluginManager:213 - loadIPPluginJar : add quadspi
2023-10-04 15:00:57,845 [INFO] IPUIPlugin:74 - create IPUIPlugin
2023-10-04 15:00:57,845 [INFO] PluginManager:213 - loadIPPluginJar : add resmgrutility
2023-10-04 15:00:57,924 [INFO] IPUIPlugin:74 - create IPUIPlugin
2023-10-04 15:00:57,924 [INFO] PluginManager:213 - loadIPPluginJar : add sai
2023-10-04 15:00:57,991 [INFO] IPUIPlugin:74 - create IPUIPlugin
2023-10-04 15:00:57,991 [INFO] PluginManager:213 - loadIPPluginJar : add spi
2023-10-04 15:00:58,064 [INFO] IPUIPlugin:74 - create IPUIPlugin
2023-10-04 15:00:58,064 [INFO] PluginManager:213 - loadIPPluginJar : add stm32_wpan
2023-10-04 15:00:58,111 [INFO] IPUIPlugin:74 - create IPUIPlugin
2023-10-04 15:00:58,111 [INFO] PluginManager:213 - loadIPPluginJar : add tim
2023-10-04 15:00:58,190 [INFO] IPUIPlugin:74 - create IPUIPlugin
2023-10-04 15:00:58,191 [INFO] PluginManager:213 - loadIPPluginJar : add touchsensing
2023-10-04 15:00:58,232 [INFO] IPUIPlugin:74 - create IPUIPlugin
2023-10-04 15:00:58,232 [INFO] PluginManager:213 - loadIPPluginJar : add tracer_emb
2023-10-04 15:00:58,270 [INFO] IPUIPlugin:74 - create IPUIPlugin
2023-10-04 15:00:58,270 [INFO] PluginManager:213 - loadIPPluginJar : add ts
2023-10-04 15:00:58,309 [INFO] IPUIPlugin:74 - create IPUIPlugin
2023-10-04 15:00:58,309 [INFO] PluginManager:213 - loadIPPluginJar : add tsc
2023-10-04 15:00:58,346 [INFO] IPUIPlugin:74 - create IPUIPlugin
2023-10-04 15:00:58,346 [INFO] PluginManager:213 - loadIPPluginJar : add ucpd
2023-10-04 15:00:58,404 [INFO] IPUIPlugin:74 - create IPUIPlugin
2023-10-04 15:00:58,404 [INFO] PluginManager:213 - loadIPPluginJar : add usart
2023-10-04 15:00:58,452 [INFO] IPUIPlugin:74 - create IPUIPlugin
2023-10-04 15:00:58,452 [INFO] PluginManager:213 - loadIPPluginJar : add usbx
2023-10-04 15:00:58,792 [FATAL] Updater:294 - Updater called before beeing initialized
2023-10-04 15:00:58,852 [INFO] ThirdPartyUpdaterWithRetryManager:66 - Updater plugin not ready yet. [2/15]
2023-10-04 15:00:58,929 [FATAL] Updater:294 - Updater called before beeing initialized
2023-10-04 15:00:58,943 [INFO] DbMcusAds:47 - JSON generation date=Tue Mar 07 15:50:55 ICT 2023 (1678179055114)
2023-10-04 15:00:58,943 [FATAL] Updater:294 - Updater called before beeing initialized
2023-10-04 15:00:58,980 [WARN] DetailPanel:314 - Failed to get advertising image, set to default
2023-10-04 15:00:59,125 [FATAL] Updater:294 - Updater called before beeing initialized
2023-10-04 15:00:59,128 [FATAL] Updater:294 - Updater called before beeing initialized
2023-10-04 15:00:59,128 [FATAL] Updater:294 - Updater called before beeing initialized
2023-10-04 15:00:59,129 [WARN] DetailPanel:314 - Failed to get advertising image, set to default
2023-10-04 15:00:59,131 [FATAL] Updater:294 - Updater called before beeing initialized
2023-10-04 15:00:59,188 [ERROR] Updater:1075 - MainUpdater not yet initialized. External WinMGr cannot be set.
2023-10-04 15:00:59,198 [INFO] Updater:1012 - Updater Version found : 6.3.0
2023-10-04 15:00:59,217 [INFO] ApplicationProperties:181 - Using Application install path: C:\ST\STM32CubeIDE_1.7.0\STM32CubeIDE\plugins\com.st.stm32cube.common.mx_6.3.0.202107141111
2023-10-04 15:00:59,588 [INFO] MainUpdater:2671 - connection check result : 10
2023-10-04 15:00:59,588 [INFO] MainUpdater:3359 - Updater definition file requires update
2023-10-04 15:00:59,590 [INFO] MainUpdater:265 - Updater Check For Update Now.
2023-10-04 15:00:59,590 [INFO] MicroXplorer:478 - Change Database Version : DB.6.0.30
2023-10-04 15:00:59,793 [INFO] ServerAccessManage:362 - Download File updaters.zip
2023-10-04 15:00:59,888 [INFO] FileExtend:235 - Unzip File : updaters.zip
2023-10-04 15:00:59,889 [INFO] FileExtend:250 - Standard Zip Deflate
2023-10-04 15:01:00,771 [INFO] ServerAccessManage:362 - Download File PacksControlFlags.xml
2023-10-04 15:01:00,989 [INFO] ServerAccessManage:362 - Download File cubemx.pidx
2023-10-04 15:01:01,865 [WARN] MainUpdater:1122 - Updater busy. Cannot search thirdparties
2023-10-04 15:01:01,866 [INFO] ThirdPartyUpdaterWithRetryManager:92 - Updater plugin is busy. [1/15]
2023-10-04 15:01:02,094 [INFO] ServerAccessManage:362 - Download File STMicroelectronics.X-CUBE-TOUCHGFX.pdsc
2023-10-04 15:01:04,874 [WARN] MainUpdater:1122 - Updater busy. Cannot search thirdparties
2023-10-04 15:01:04,874 [INFO] ThirdPartyUpdaterWithRetryManager:92 - Updater plugin is busy. [2/15]
2023-10-04 15:01:07,099 [ERROR] ServerAccessManage:981 - Problem, Http access forbiden
2023-10-04 15:01:07,100 [ERROR] ServerAccessManage:531 - Problem, Http access forbiden : RoweBots.I-CUBE-UNISONRTOS.pdsc.
2023-10-04 15:01:07,877 [WARN] MainUpdater:1122 - Updater busy. Cannot search thirdparties
2023-10-04 15:01:07,877 [INFO] ThirdPartyUpdaterWithRetryManager:92 - Updater plugin is busy. [3/15]
2023-10-04 15:01:08,206 [INFO] ServerAccessManage:362 - Download File ITTIA_DB.I-CUBE-ITTIADB.pdsc
2023-10-04 15:01:10,531 [INFO] MainUpdater:2671 - connection check result : 10
2023-10-04 15:01:10,886 [WARN] MainUpdater:1122 - Updater busy. Cannot search thirdparties
2023-10-04 15:01:10,886 [INFO] ThirdPartyUpdaterWithRetryManager:92 - Updater plugin is busy. [4/15]
2023-10-04 15:01:12,012 [WARN] PackLoader:238 - Cannot read IP mode file for STMicroelectronics.X-CUBE-TOUCHGFX.4.22.1
2023-10-04 15:01:12,019 [WARN] PopulateThirdPartyThread:100 - Error when creating pack: C:/Users/nvnha/.stm32cubemx/thirdparties/pdsc/ITTIA_DB.I-CUBE-ITTIADB.pdsc
2023-10-04 15:01:12,019 [INFO] PopulateThirdPartyThread:60 - Ending populate Thread
2023-10-04 15:01:12,021 [INFO] ThirdParty:967 - CMSIS Pack Vendor :STMicroelectronics X-CUBE-TOUCHGFX 4.22.1
2023-10-04 15:01:12,021 [INFO] LoadServerUpdatesThread:339 - End of LoadServerUpdate Thread
2023-10-04 15:01:12,119 [INFO] CheckServerUpdateThread:112 - End of CheckServer Thread
2023-10-04 15:01:12,197 [INFO] McuFinderGlobals:52 - Set McuFinderConnectedMode to true
2023-10-04 15:01:12,388 [INFO] ServerAccessManage:362 - Download File mcusAds.json._tmp_
2023-10-04 15:01:12,506 [INFO] LoadUrlFilesThread:145 - End of LoadUrlFiles Thread
2023-10-04 15:01:13,342 [INFO] ServerAccessManage:362 - Download File mcusDocs.json._tmp_
2023-10-04 15:01:13,895 [WARN] MainUpdater:1122 - Updater busy. Cannot search thirdparties
2023-10-04 15:01:13,895 [INFO] ThirdPartyUpdaterWithRetryManager:92 - Updater plugin is busy. [5/15]
2023-10-04 15:01:14,251 [INFO] LoadUrlFilesThread:145 - End of LoadUrlFiles Thread
2023-10-04 15:01:14,521 [INFO] ServerAccessManage:362 - Download File mcusFeaturesAndDescription.json._tmp_
2023-10-04 15:01:15,258 [INFO] LoadUrlFilesThread:145 - End of LoadUrlFiles Thread
2023-10-04 15:01:15,493 [INFO] ServerAccessManage:362 - Download File boardsDocs.json._tmp_
2023-10-04 15:01:15,612 [INFO] LoadUrlFilesThread:145 - End of LoadUrlFiles Thread
2023-10-04 15:01:15,875 [INFO] ServerAccessManage:362 - Download File boards.json._tmp_
2023-10-04 15:01:16,112 [INFO] LoadUrlFilesThread:145 - End of LoadUrlFiles Thread
2023-10-04 15:01:16,265 [INFO] ServerAccessManage:362 - Download File cube-finder-db.zip
2023-10-04 15:01:16,909 [WARN] MainUpdater:1122 - Updater busy. Cannot search thirdparties
2023-10-04 15:01:16,909 [INFO] ThirdPartyUpdaterWithRetryManager:92 - Updater plugin is busy. [6/15]
2023-10-04 15:01:17,545 [INFO] FileExtend:235 - Unzip File : cube-finder-db.zip
2023-10-04 15:01:17,546 [INFO] FileExtend:250 - Standard Zip Deflate
2023-10-04 15:01:18,302 [INFO] LoadUrlFilesThread:145 - End of LoadUrlFiles Thread
2023-10-04 15:01:20,049 [ERROR] Engine:463 - C:\Users\nvnha\.stm32cubemx\thirdparties\pdsc\STMicroelectronics.X-CUBE-SMBUS.2.1.0.pdsc: PDSC version is not supported
2023-10-04 15:01:20,098 [WARN] PackLoader:238 - Cannot read IP mode file for STMicroelectronics.X-CUBE-AZRTOS-F7.1.1.0
2023-10-04 15:01:20,115 [ERROR] Engine:463 - C:\Users\nvnha\.stm32cubemx\thirdparties\pdsc\STMicroelectronics.FP-SNS-MOTENV1.4.3.2.pdsc: PDSC version is not supported
2023-10-04 15:01:20,125 [ERROR] Engine:463 - C:\Users\nvnha\.stm32cubemx\thirdparties\pdsc\STMicroelectronics.FP-SNS-FLIGHT1.5.0.2.pdsc: PDSC version is not supported
2023-10-04 15:01:20,138 [ERROR] Engine:463 - C:\Users\nvnha\.stm32cubemx\thirdparties\pdsc\STMicroelectronics.X-CUBE-DISPLAY.3.0.0.pdsc: PDSC version is not supported
2023-10-04 15:01:20,152 [WARN] PackLoader:238 - Cannot read IP mode file for STMicroelectronics.X-CUBE-BLE1.7.0.0
2023-10-04 15:01:20,163 [ERROR] Engine:463 - C:\Users\nvnha\.stm32cubemx\thirdparties\pdsc\emotas.I-CUBE-CANOPEN.1.3.0.pdsc: PDSC version is not supported
2023-10-04 15:01:20,174 [WARN] PackLoader:238 - Cannot read IP mode file for STMicroelectronics.X-CUBE-TOUCHGFX.4.22.0
2023-10-04 15:01:20,176 [WARN] PackLoader:238 - Cannot read IP mode file for STMicroelectronics.X-CUBE-TOUCHGFX.4.22.1
2023-10-04 15:01:20,186 [ERROR] Engine:463 - C:\Users\nvnha\.stm32cubemx\thirdparties\pdsc\STMicroelectronics.FP-SNS-SMARTAG2.1.2.0.pdsc: PDSC version is not supported
2023-10-04 15:01:20,205 [INFO] LogOutputStream:76 - [STDOUT_REDIRECT] 1 : Invalid condition id : UX_CORESTACK_Condition cause : null
2023-10-04 15:01:20,206 [INFO] LogOutputStream:76 - [STDOUT_REDIRECT] 1 : Invalid condition id : UX_CORESTACK_Condition cause : null
2023-10-04 15:01:20,207 [INFO] LogOutputStream:76 - [STDOUT_REDIRECT] 1 : Invalid condition id : UX_CORESTACK_Condition cause : null
2023-10-04 15:01:20,208 [INFO] LogOutputStream:76 - [STDOUT_REDIRECT] 1 : Invalid condition id : UX_CORESTACK_Condition cause : null
2023-10-04 15:01:20,209 [INFO] LogOutputStream:76 - [STDOUT_REDIRECT] 1 : Invalid condition id : UX_CORESTACK_Condition cause : null
2023-10-04 15:01:20,211 [WARN] PackLoader:238 - Cannot read IP mode file for STMicroelectronics.X-CUBE-AZRTOS-WL.2.0.0
2023-10-04 15:01:20,226 [WARN] PackLoader:238 - Cannot read IP mode file for WES.I-CUBE-Cesium.1.3.0
2023-10-04 15:01:20,237 [WARN] PackLoader:238 - Cannot read IP mode file for STMicroelectronics.X-CUBE-BLE2.3.3.0
2023-10-04 15:01:20,249 [WARN] PackLoader:238 - Cannot read IP mode file for STMicroelectronics.X-CUBE-ALGOBUILD.1.3.0
2023-10-04 15:01:20,276 [WARN] PackLoader:238 - Cannot read IP mode file for STMicroelectronics.X-CUBE-AZRTOS-G0.1.1.0
2023-10-04 15:01:20,298 [WARN] PackLoader:238 - Cannot read IP mode file for STMicroelectronics.X-CUBE-NFC4.3.0.0
2023-10-04 15:01:20,305 [WARN] PackLoader:238 - Cannot read IP mode file for STMicroelectronics.FP-ATR-SIGFOX1.3.2.0
2023-10-04 15:01:20,340 [WARN] PackLoader:238 - Cannot read IP mode file for SEGGER.I-CUBE-embOS.1.3.1
2023-10-04 15:01:20,400 [WARN] PackLoader:238 - Cannot read IP mode file for STMicroelectronics.X-CUBE-GNSS1.6.0.0
2023-10-04 15:01:20,436 [WARN] PackLoader:238 - Cannot read IP mode file for STMicroelectronics.X-CUBE-AZRTOS-F4.1.1.0
2023-10-04 15:01:20,454 [WARN] PackLoader:238 - Cannot read IP mode file for wolfSSL.I-CUBE-wolfSSL.5.6.3
2023-10-04 15:01:20,486 [WARN] PackLoader:238 - Cannot read IP mode file for STMicroelectronics.X-CUBE-AZRTOS-L5.2.0.0
2023-10-04 15:01:20,543 [WARN] PackLoader:238 - Cannot read IP mode file for STMicroelectronics.X-CUBE-MEMS1.9.6.0
2023-10-04 15:01:20,704 [ERROR] Engine:463 - C:\Users\nvnha\.stm32cubemx\thirdparties\pdsc\ITTIA_DB.I-CUBE-ITTIADB.8.8.0.pdsc: PDSC version is not supported
2023-10-04 15:01:20,721 [WARN] PackLoader:238 - Cannot read IP mode file for STMicroelectronics.X-CUBE-BLEMGR.2.0.0
2023-10-04 15:01:20,779 [WARN] ConditionMgr:437 - getConditionDescription Invalid condition id : UX DEVICE CLASS RTOS Condition cause : null
2023-10-04 15:01:20,779 [WARN] ConditionMgr:437 - getConditionDescription Invalid condition id : UX DEVICE CLASS RTOS Condition cause : null
2023-10-04 15:01:20,782 [WARN] PackLoader:238 - Cannot read IP mode file for STMicroelectronics.X-CUBE-AZRTOS-H7.3.1.0
2023-10-04 15:01:20,783 [WARN] ConditionMgr:1038 - genDependencies : Invalid condition id : UX DEVICE CLASS RTOS Condition cause : null
2023-10-04 15:01:20,783 [WARN] ConditionMgr:1038 - genDependencies : Invalid condition id : UX DEVICE CLASS RTOS Condition cause : null
2023-10-04 15:01:20,784 [WARN] ConditionMgr:1038 - genDependencies : Invalid condition id : UX DEVICE CLASS RTOS Condition cause : null
2023-10-04 15:01:20,785 [WARN] ConditionMgr:1038 - genDependencies : Invalid condition id : UX DEVICE CLASS RTOS Condition cause : null
2023-10-04 15:01:20,785 [WARN] ConditionMgr:1038 - genDependencies : Invalid condition id : UX DEVICE CLASS RTOS Condition cause : null
2023-10-04 15:01:20,803 [WARN] PackLoader:238 - Cannot read IP mode file for STMicroelectronics.X-CUBE-NFC7.1.0.1
2023-10-04 15:01:20,819 [WARN] PackLoader:238 - Cannot read IP mode file for STMicroelectronics.X-CUBE-NFC6.3.0.0
2023-10-04 15:01:20,832 [WARN] PackLoader:238 - Cannot read IP mode file for STMicroelectronics.X-CUBE-EEPRMA1.4.1.0
2023-10-04 15:01:20,844 [WARN] PackLoader:238 - Cannot read IP mode file for STMicroelectronics.X-CUBE-AI.8.1.0
2023-10-04 15:01:20,871 [WARN] ConditionMgr:437 - getConditionDescription Invalid condition id : LAN8742 Phy interface Condition cause : null
2023-10-04 15:01:20,872 [WARN] PackLoader:238 - Cannot read IP mode file for STMicroelectronics.X-CUBE-AZRTOS-L4.2.0.0
2023-10-04 15:01:20,873 [WARN] ConditionMgr:1038 - genDependencies : Invalid condition id : LAN8742 Phy interface Condition cause : null
2023-10-04 15:01:20,873 [WARN] ConditionMgr:1038 - genDependencies : Invalid condition id : LAN8742 Phy interface Condition cause : null
2023-10-04 15:01:20,874 [WARN] ConditionMgr:1038 - genDependencies : Invalid condition id : LAN8742 Phy interface Condition cause : null
2023-10-04 15:01:20,887 [WARN] PackLoader:238 - Cannot read IP mode file for STMicroelectronics.X-CUBE-SFXS2LP1.4.0.0
2023-10-04 15:01:20,902 [WARN] PackLoader:238 - Cannot read IP mode file for STMicroelectronics.X-CUBE-ISPU.1.1.0
2023-10-04 15:01:20,924 [WARN] ConditionMgr:437 - getConditionDescription Invalid condition id : UX DEVICE CLASS RTOS Condition cause : null
2023-10-04 15:01:20,924 [WARN] ConditionMgr:437 - getConditionDescription Invalid condition id : UX DEVICE CLASS RTOS Condition cause : null
2023-10-04 15:01:20,926 [WARN] PackLoader:238 - Cannot read IP mode file for STMicroelectronics.X-CUBE-AZRTOS-WB.2.0.0
2023-10-04 15:01:20,926 [WARN] ConditionMgr:1038 - genDependencies : Invalid condition id : UX DEVICE CLASS RTOS Condition cause : null
2023-10-04 15:01:20,926 [WARN] ConditionMgr:1038 - genDependencies : Invalid condition id : UX DEVICE CLASS RTOS Condition cause : null
2023-10-04 15:01:20,927 [WARN] ConditionMgr:1038 - genDependencies : Invalid condition id : UX DEVICE CLASS RTOS Condition cause : null
2023-10-04 15:01:20,927 [WARN] ConditionMgr:1038 - genDependencies : Invalid condition id : UX DEVICE CLASS RTOS Condition cause : null
2023-10-04 15:01:20,927 [WARN] ConditionMgr:1038 - genDependencies : Invalid condition id : UX DEVICE CLASS RTOS Condition cause : null
2023-10-04 15:01:20,949 [WARN] PackLoader:238 - Cannot read IP mode file for STMicroelectronics.X-CUBE-SUBG2.5.0.0
2023-10-04 15:01:20,966 [ERROR] Engine:463 - C:\Users\nvnha\.stm32cubemx\thirdparties\pdsc\STMicroelectronics.X-CUBE-TOF1.3.3.1.pdsc: PDSC version is not supported
2023-10-04 15:01:20,990 [WARN] PackLoader:238 - Cannot read IP mode file for STMicroelectronics.X-CUBE-AZRTOS-G4.2.0.0
2023-10-04 15:01:21,001 [ERROR] Engine:463 - C:\Users\nvnha\.stm32cubemx\thirdparties\pdsc\STMicroelectronics.X-CUBE-FREERTOS.1.1.0.pdsc: PDSC version is not supported
2023-10-04 15:01:21,016 [WARN] PackLoader:238 - Cannot read IP mode file for portGmbH.I-Cube-SoM-uGOAL.1.1.0
2023-10-04 15:01:21,028 [WARN] PackLoader:238 - Cannot read IP mode file for STMicroelectronics.X-CUBE-ALS.1.0.1
2023-10-04 15:01:21,032 [WARN] PackLoader:238 - Cannot read IP mode file for STMicroelectronics.FP-ATR-ASTRA1.2.0.0
2023-10-04 15:01:21,033 [INFO] ThirdParty:915 - Integrity check success = true
2023-10-04 15:01:21,034 [INFO] IntegrityCheckThread:94 - exiting critical section [integrity check]
2023-10-04 15:01:21,034 [INFO] IntegrityCheckThread:97 - End integrity checks thread
2023-10-04 15:01:21,562 [INFO] ServerAccessManage:362 - Download File crdb.zip
2023-10-04 15:01:23,036 [INFO] FileExtend:235 - Unzip File : crdb.zip
2023-10-04 15:01:23,036 [INFO] FileExtend:250 - Standard Zip Deflate
2023-10-04 15:01:23,188 [INFO] LoadUrlFilesThread:145 - End of LoadUrlFiles Thread
2023-10-04 15:01:23,400 [INFO] ServerAccessManage:362 - Download File tutoVideoDB.zip
2023-10-04 15:01:23,429 [INFO] FileExtend:235 - Unzip File : tutoVideoDB.zip
2023-10-04 15:01:23,429 [INFO] FileExtend:250 - Standard Zip Deflate
2023-10-04 15:01:23,568 [INFO] LoadUrlFilesThread:145 - End of LoadUrlFiles Thread
2023-10-04 15:01:23,569 [INFO] DbMcusAds:47 - JSON generation date=Tue Mar 07 15:50:55 ICT 2023 (1678179055114)
2023-10-04 15:01:23,586 [INFO] DbMcusDocs:143 - JSON generation date=Tue Nov 16 23:17:54 ICT 2021 (1637079474)
2023-10-04 15:01:23,587 [INFO] DbMcusXml:100 - Load MCU database from C:\ST\STM32CubeIDE_1.7.0\STM32CubeIDE\plugins\com.st.stm32cube.common.mx_6.3.0.202107141111\\db\/mcu/families.xml
2023-10-04 15:01:24,619 [INFO] DbMcusJson:93 - JSON generation date=Tue Nov 16 23:17:54 ICT 2021 (1637079474)
2023-10-04 15:01:25,204 [INFO] DbMcus:175 - Found 1951 MCUs (1903 are supported by CubeMX, 1914 are visible in CubeMX)
2023-10-04 15:01:25,205 [INFO] ApiDb:251 - Load user favorites file C:\Users\nvnha/.stm32cubeide/favorites.mcus.txt: 0 item(s)
2023-10-04 15:01:25,205 [INFO] ApiDb:255 - User favorites MCUs=[]
2023-10-04 15:01:25,205 [INFO] DbMcus:187 - Set 0 / 0 favorites MCUs
2023-10-04 15:01:25,586 [INFO] DbMcusDocs:79 - Found 682 MCUs documents
2023-10-04 15:01:25,588 [INFO] ApiDb:276 - Save user favorites file C:\Users\nvnha/.stm32cubeide/favorites.mcus.txt: 0 item(s)
2023-10-04 15:01:25,588 [INFO] ApiDb:280 - User favorites MCUs=[]
2023-10-04 15:01:25,588 [INFO] DbMcusXml:100 - Load MCU database from C:\ST\STM32CubeIDE_1.7.0\STM32CubeIDE\plugins\com.st.stm32cube.common.mx_6.3.0.202107141111\\db\/mcu/families.xml
2023-10-04 15:01:26,155 [INFO] DbMcusJson:93 - JSON generation date=Tue Nov 16 23:17:54 ICT 2021 (1637079474)
2023-10-04 15:01:26,603 [INFO] DbMcus:175 - Found 1951 MCUs (1903 are supported by CubeMX, 1914 are visible in CubeMX)
2023-10-04 15:01:26,603 [INFO] ApiDb:251 - Load user favorites file C:\Users\nvnha/.stm32cubeide/favorites.mcus.txt: 0 item(s)
2023-10-04 15:01:26,603 [INFO] ApiDb:255 - User favorites MCUs=[]
2023-10-04 15:01:26,603 [INFO] DbMcus:187 - Set 0 / 0 favorites MCUs
2023-10-04 15:01:26,608 [INFO] DbBoardsDocs:143 - JSON generation date=Tue Nov 16 23:17:54 ICT 2021 (1637079474)
2023-10-04 15:01:26,628 [INFO] DbBoardsPdsc:90 - Found 25 items
2023-10-04 15:01:26,637 [INFO] DbBoardsPdsc:90 - Found 9 items
2023-10-04 15:01:26,649 [INFO] DbBoardsPdsc:90 - Found 33 items
2023-10-04 15:01:26,659 [INFO] DbBoardsPdsc:90 - Found 1 items
2023-10-04 15:01:26,673 [INFO] DbBoardsPdsc:90 - Found 48 items
2023-10-04 15:01:26,688 [INFO] DbBoardsPdsc:90 - Found 43 items
2023-10-04 15:01:26,697 [INFO] DbBoardsPdsc:90 - Found 2 items
2023-10-04 15:01:26,707 [INFO] DbBoardsPdsc:90 - Found 5 items
2023-10-04 15:01:26,711 [WARN] DbBoardsPdsc:254 - Board STM32H7B3I-DK: unknown feature type=Audio, name=, username=Audio stereo codec with Headphone Amp (CS42L51-CNZ), n=1
2023-10-04 15:01:26,711 [WARN] DbBoardsPdsc:254 - Board STM32H735G-DK: unknown feature type=Audio, name=, username=Audio stereo codec with Headphone Amp (WM8994ECS/R), n=1
2023-10-04 15:01:26,713 [WARN] DbBoardsPdsc:254 - Board STM32H7B3I-EVAL: unknown feature type=Audio, name=, username=Multi-Channel Audio Codec (CS42L51-CNZ), n=1
2023-10-04 15:01:26,713 [WARN] DbBoardsPdsc:254 - Board STM32H7B3I-EVAL: unknown feature type=Meter, name=, username=Power-metering and Temperature-monitoring with sigma-delta modulators, n=1
2023-10-04 15:01:26,713 [WARN] DbBoardsPdsc:254 - Board STM32H7B3I-EVAL: unknown feature type=Motor, name=, username=Motor Control, n=1
2023-10-04 15:01:26,714 [WARN] DbBoardsPdsc:254 - Board STM32U575I-EV: unknown feature type=joystick, name=, username=4-direction joystick with selection button, n=1
2023-10-04 15:01:26,749 [INFO] DbBoardsJson:86 - JSON generation date=Tue Nov 16 23:17:54 ICT 2021 (1637079474)
2023-10-04 15:01:26,756 [INFO] DbBoards:117 - Found 167 boards (163 are supported by CubeMX)
2023-10-04 15:01:26,759 [INFO] DbBoardsDocs:143 - JSON generation date=Tue Nov 16 23:17:54 ICT 2021 (1637079474)
2023-10-04 15:01:26,762 [INFO] DbBoardsDocs:79 - Found 209 boards documents
2023-10-04 15:01:26,764 [WARN] DbBoards:127 - board B-L475E-IOT01A2 has no document id list !
2023-10-04 15:01:26,765 [WARN] DbBoards:127 - board NUCLEO-H743ZI has no document id list !
2023-10-04 15:01:26,766 [WARN] DbBoards:127 - board NUCLEO-WL55JC2 has no document id list !
2023-10-04 15:01:26,766 [WARN] DbBoards:127 - board P-NUCLEO-WB55-Nucleo has no document id list !
2023-10-04 15:01:26,767 [WARN] DbBoards:127 - board P-NUCLEO-WB55-USBDongle has no document id list !
2023-10-04 15:01:26,767 [WARN] DbBoards:127 - board STEVAL-BFA001V1B has no document id list !
2023-10-04 15:01:26,767 [WARN] DbBoards:127 - board STEVAL-BFA001V2B has no document id list !
2023-10-04 15:01:26,767 [WARN] DbBoards:127 - board STEVAL-IDP005V1 has no document id list !
2023-10-04 15:01:26,767 [WARN] DbBoards:127 - board STEVAL-IDP005V2 has no document id list !
2023-10-04 15:01:26,767 [WARN] DbBoards:127 - board STEVAL-MKSBOX1V1 has no document id list !
2023-10-04 15:01:26,767 [WARN] DbBoards:127 - board STEVAL-STWINKT1 has no document id list !
2023-10-04 15:01:26,767 [WARN] DbBoards:127 - board STEVAL-STWINKT1B has no document id list !
2023-10-04 15:01:26,767 [WARN] DbBoards:127 - board STM32439I-EVAL2 has no document id list !
2023-10-04 15:01:26,767 [WARN] DbBoards:127 - board STM32F401C-DISCO has no document id list !
2023-10-04 15:01:26,768 [WARN] DbBoards:127 - board STM32F769I-DISC1 has no document id list !
2023-10-04 15:01:26,768 [WARN] DbBoards:127 - board STM32G474E-EVAL1 has no document id list !
2023-10-04 15:01:26,768 [WARN] DbBoards:127 - board STM32H743I-EVAL2 has no document id list !
2023-10-04 15:01:26,768 [WARN] DbBoards:127 - board STM32H747I-DISC1 has no document id list !
2023-10-04 15:01:26,768 [WARN] DbBoards:127 - board STM32H753I-EVAL2 has no document id list !
2023-10-04 15:01:26,769 [WARN] DbBoards:127 - board STM32L-DISCOVERY has no document id list !
2023-10-04 15:01:27,003 [ERROR] DbBoards:189 - Image file not found for board B-U585I-IOT02A: C:\ST\STM32CubeIDE_1.7.0\STM32CubeIDE\plugins\com.st.stm32cube.common.mx_6.3.0.202107141111\\db\/plugins/mcufinder/images/boards/B-U585I-IOT02A_small.jpg
2023-10-04 15:01:27,094 [ERROR] DbBoards:189 - Image file not found for board NUCLEO-F413ZH: C:\ST\STM32CubeIDE_1.7.0\STM32CubeIDE\plugins\com.st.stm32cube.common.mx_6.3.0.202107141111\\db\/plugins/mcufinder/images/boards/nucleo-f413zh_small.jpg
2023-10-04 15:01:27,263 [ERROR] DbBoards:189 - Image file not found for board NUCLEO-L552ZE-Q: C:\ST\STM32CubeIDE_1.7.0\STM32CubeIDE\plugins\com.st.stm32cube.common.mx_6.3.0.202107141111\\db\/plugins/mcufinder/images/boards/nucleo_l552ze_q_small.jpg
2023-10-04 15:01:27,263 [ERROR] DbBoards:189 - Image file not found for board NUCLEO-U575ZI-Q: C:\ST\STM32CubeIDE_1.7.0\STM32CubeIDE\plugins\com.st.stm32cube.common.mx_6.3.0.202107141111\\db\/plugins/mcufinder/images/boards/nucleo-u575zi-q_small.jpg
2023-10-04 15:01:27,263 [ERROR] DbBoards:189 - Image file not found for board NUCLEO-WB15CC: C:\ST\STM32CubeIDE_1.7.0\STM32CubeIDE\plugins\com.st.stm32cube.common.mx_6.3.0.202107141111\\db\/plugins/mcufinder/images/boards/nucleo-wb15cc_small.jpg
2023-10-04 15:01:27,263 [ERROR] DbBoards:189 - Image file not found for board NUCLEO-WB55RG: C:\ST\STM32CubeIDE_1.7.0\STM32CubeIDE\plugins\com.st.stm32cube.common.mx_6.3.0.202107141111\\db\/plugins/mcufinder/images/boards/nucleo-wb55rg_small.jpg
2023-10-04 15:01:28,247 [INFO] ApiDb:251 - Load user favorites file C:\Users\nvnha/.stm32cubeide/favorites.boards.txt: 0 item(s)
2023-10-04 15:01:28,247 [INFO] ApiDb:255 - User favorites Boards=[]
2023-10-04 15:01:28,248 [INFO] DbBoards:206 - Set 0 / 0 favorites Boards
2023-10-04 15:01:28,249 [INFO] DbBoardsDocs:79 - Found 418 boards documents
2023-10-04 15:01:28,250 [INFO] ApiDb:276 - Save user favorites file C:\Users\nvnha/.stm32cubeide/favorites.boards.txt: 0 item(s)
2023-10-04 15:01:28,250 [INFO] ApiDb:280 - User favorites Boards=[]
2023-10-04 15:01:28,253 [INFO] DbBoardsPdsc:90 - Found 25 items
2023-10-04 15:01:28,254 [INFO] DbBoardsPdsc:90 - Found 9 items
2023-10-04 15:01:28,256 [INFO] DbBoardsPdsc:90 - Found 33 items
2023-10-04 15:01:28,257 [INFO] DbBoardsPdsc:90 - Found 1 items
2023-10-04 15:01:28,260 [INFO] DbBoardsPdsc:90 - Found 48 items
2023-10-04 15:01:28,266 [INFO] DbBoardsPdsc:90 - Found 43 items
2023-10-04 15:01:28,267 [INFO] DbBoardsPdsc:90 - Found 2 items
2023-10-04 15:01:28,268 [INFO] DbBoardsPdsc:90 - Found 5 items
2023-10-04 15:01:28,269 [WARN] DbBoardsPdsc:254 - Board STM32H7B3I-DK: unknown feature type=Audio, name=, username=Audio stereo codec with Headphone Amp (CS42L51-CNZ), n=1
2023-10-04 15:01:28,269 [WARN] DbBoardsPdsc:254 - Board STM32H735G-DK: unknown feature type=Audio, name=, username=Audio stereo codec with Headphone Amp (WM8994ECS/R), n=1
2023-10-04 15:01:28,271 [WARN] DbBoardsPdsc:254 - Board STM32H7B3I-EVAL: unknown feature type=Audio, name=, username=Multi-Channel Audio Codec (CS42L51-CNZ), n=1
2023-10-04 15:01:28,272 [WARN] DbBoardsPdsc:254 - Board STM32H7B3I-EVAL: unknown feature type=Meter, name=, username=Power-metering and Temperature-monitoring with sigma-delta modulators, n=1
2023-10-04 15:01:28,272 [WARN] DbBoardsPdsc:254 - Board STM32H7B3I-EVAL: unknown feature type=Motor, name=, username=Motor Control, n=1
2023-10-04 15:01:28,272 [WARN] DbBoardsPdsc:254 - Board STM32U575I-EV: unknown feature type=joystick, name=, username=4-direction joystick with selection button, n=1
2023-10-04 15:01:28,284 [INFO] DbBoardsJson:86 - JSON generation date=Tue Nov 16 23:17:54 ICT 2021 (1637079474)
2023-10-04 15:01:28,289 [INFO] DbBoards:117 - Found 167 boards (163 are supported by CubeMX)
2023-10-04 15:01:28,289 [WARN] DbBoards:127 - board B-L475E-IOT01A2 has no document id list !
2023-10-04 15:01:28,291 [WARN] DbBoards:127 - board NUCLEO-H743ZI has no document id list !
2023-10-04 15:01:28,291 [WARN] DbBoards:127 - board NUCLEO-WL55JC2 has no document id list !
2023-10-04 15:01:28,292 [WARN] DbBoards:127 - board P-NUCLEO-WB55-Nucleo has no document id list !
2023-10-04 15:01:28,292 [WARN] DbBoards:127 - board P-NUCLEO-WB55-USBDongle has no document id list !
2023-10-04 15:01:28,292 [WARN] DbBoards:127 - board STEVAL-BFA001V1B has no document id list !
2023-10-04 15:01:28,292 [WARN] DbBoards:127 - board STEVAL-BFA001V2B has no document id list !
2023-10-04 15:01:28,292 [WARN] DbBoards:127 - board STEVAL-IDP005V1 has no document id list !
2023-10-04 15:01:28,292 [WARN] DbBoards:127 - board STEVAL-IDP005V2 has no document id list !
2023-10-04 15:01:28,292 [WARN] DbBoards:127 - board STEVAL-MKSBOX1V1 has no document id list !
2023-10-04 15:01:28,292 [WARN] DbBoards:127 - board STEVAL-STWINKT1 has no document id list !
2023-10-04 15:01:28,292 [WARN] DbBoards:127 - board STEVAL-STWINKT1B has no document id list !
2023-10-04 15:01:28,292 [WARN] DbBoards:127 - board STM32439I-EVAL2 has no document id list !
2023-10-04 15:01:28,292 [WARN] DbBoards:127 - board STM32F401C-DISCO has no document id list !
2023-10-04 15:01:28,292 [WARN] DbBoards:127 - board STM32F769I-DISC1 has no document id list !
2023-10-04 15:01:28,292 [WARN] DbBoards:127 - board STM32G474E-EVAL1 has no document id list !
2023-10-04 15:01:28,292 [WARN] DbBoards:127 - board STM32H743I-EVAL2 has no document id list !
2023-10-04 15:01:28,292 [WARN] DbBoards:127 - board STM32H747I-DISC1 has no document id list !
2023-10-04 15:01:28,292 [WARN] DbBoards:127 - board STM32H753I-EVAL2 has no document id list !
2023-10-04 15:01:28,292 [WARN] DbBoards:127 - board STM32L-DISCOVERY has no document id list !
2023-10-04 15:01:28,357 [ERROR] DbBoards:189 - Image file not found for board B-U585I-IOT02A: C:\ST\STM32CubeIDE_1.7.0\STM32CubeIDE\plugins\com.st.stm32cube.common.mx_6.3.0.202107141111\\db\/plugins/mcufinder/images/boards/B-U585I-IOT02A_small.jpg
2023-10-04 15:01:28,428 [ERROR] DbBoards:189 - Image file not found for board NUCLEO-F413ZH: C:\ST\STM32CubeIDE_1.7.0\STM32CubeIDE\plugins\com.st.stm32cube.common.mx_6.3.0.202107141111\\db\/plugins/mcufinder/images/boards/nucleo-f413zh_small.jpg
2023-10-04 15:01:28,584 [ERROR] DbBoards:189 - Image file not found for board NUCLEO-L552ZE-Q: C:\ST\STM32CubeIDE_1.7.0\STM32CubeIDE\plugins\com.st.stm32cube.common.mx_6.3.0.202107141111\\db\/plugins/mcufinder/images/boards/nucleo_l552ze_q_small.jpg
2023-10-04 15:01:28,584 [ERROR] DbBoards:189 - Image file not found for board NUCLEO-U575ZI-Q: C:\ST\STM32CubeIDE_1.7.0\STM32CubeIDE\plugins\com.st.stm32cube.common.mx_6.3.0.202107141111\\db\/plugins/mcufinder/images/boards/nucleo-u575zi-q_small.jpg
2023-10-04 15:01:28,584 [ERROR] DbBoards:189 - Image file not found for board NUCLEO-WB15CC: C:\ST\STM32CubeIDE_1.7.0\STM32CubeIDE\plugins\com.st.stm32cube.common.mx_6.3.0.202107141111\\db\/plugins/mcufinder/images/boards/nucleo-wb15cc_small.jpg
2023-10-04 15:01:28,584 [ERROR] DbBoards:189 - Image file not found for board NUCLEO-WB55RG: C:\ST\STM32CubeIDE_1.7.0\STM32CubeIDE\plugins\com.st.stm32cube.common.mx_6.3.0.202107141111\\db\/plugins/mcufinder/images/boards/nucleo-wb55rg_small.jpg
2023-10-04 15:01:29,216 [INFO] ApiDb:251 - Load user favorites file C:\Users\nvnha/.stm32cubeide/favorites.boards.txt: 0 item(s)
2023-10-04 15:01:29,216 [INFO] ApiDb:255 - User favorites Boards=[]
2023-10-04 15:01:29,216 [INFO] DbBoards:206 - Set 0 / 0 favorites Boards
2023-10-04 15:01:29,225 [INFO] LoadUrlFilesThread:172 - End of LoadServerUrlFiles without Thread
2023-10-04 15:01:29,226 [INFO] TargetSelectorAdapter:224 - Refresh data is successful
2023-10-04 15:01:29,314 [INFO] ApiDb:479 - Connected to CubeFinder SQLite database (C:\Users\nvnha\.stmcufinder\plugins\mcufinder\mcu\cube-finder-db.db)
2023-10-04 15:01:29,924 [INFO] DbExamplesSqlite:411 - Ignored 27 examples not supported by CubeIDE
2023-10-04 15:01:29,924 [INFO] DbExamplesSqlite:412 - Found 7231 examples active
2023-10-04 15:01:29,924 [INFO] DbExamplesSqlite:413 - Found 677 examples obsolete
2023-10-04 15:01:29,924 [INFO] DbExamplesSqlite:414 - Found 0 examples under development
2023-10-04 15:01:29,924 [INFO] DbExamplesSqlite:415 - Found 74 examples not building
2023-10-04 15:01:29,973 [INFO] DbExamplesSqlite:108 - CubeFinder database Data Model version=2.1
2023-10-04 15:01:29,974 [INFO] DbExamplesSqlite:109 - CubeFinder database Configuration version=3.0.37
2023-10-04 15:01:29,974 [INFO] DbExamplesSqlite:110 - CubeFinder database generation date=2023-08-09 (1691586011)
2023-10-04 15:01:29,974 [INFO] DbExamplesSqlite:111 - CubeFinder database FW Pack versions=[FP-ATR-ASTRA1_V2.0.0, FP-SNS-FLIGHT1_V5.0.1, FP-SNS-FLIGHT1_V5.0.2, FP-SNS-MOTENV1_V4.3.1, FP-SNS-MOTENV1_V4.3.2, STM32Cube_FW_C0_V1.1.0, STM32Cube_FW_F4_V1.27.1, STM32Cube_FW_F7_V1.17.0, STM32Cube_FW_G0_V1.6.1, STM32Cube_FW_G4_V1.5.1, STM32Cube_FW_H5_V0.5.1, STM32Cube_FW_H5_V1.1.0, STM32Cube_FW_H7_V1.11.0, STM32Cube_FW_L0_V1.12.2, STM32Cube_FW_L5_V1.5.0, STM32Cube_FW_U5_V1.3.0, STM32Cube_FW_U5_V1.3.0RC4, STM32Cube_FW_WBA_V1.0.0RC1, STM32Cube_FW_WBA_V1.1.0, STM32Cube_FW_WBA_V1.1.0RC1, STM32Cube_FW_WB_V1.15.0RC1, STM32Cube_FW_WB_V1.16.0, STM32Cube_FW_WB_V1.16.0RC2, STM32Cube_FW_WB_V1.17.0, STM32Cube_FW_WL_V1.3.0, X-CUBE-ALGOBUILD_V1.3.0, X-CUBE-ALS_V1.0.1, X-CUBE-AZRTOS-F4_V1.1.0, X-CUBE-AZRTOS-F7_V1.1.0, X-CUBE-AZRTOS-G0_V1.1.0, X-CUBE-AZRTOS-G4_V2.0.0, X-CUBE-AZRTOS-H7_V3.1.0, X-CUBE-AZRTOS-L4_V1.0.0, X-CUBE-AZRTOS-L4_V2.0.0, X-CUBE-AZRTOS-L5_V1.1.0, X-CUBE-AZRTOS-WB_V1.1.0, X-CUBE-AZRTOS-WL_V2.0.0, X-CUBE-BLE1_V7.0.0, X-CUBE-BLE2_V3.3.0, X-CUBE-BLEMGR_V2.0.0, X-CUBE-EEPRMA1_V4.1.0, X-CUBE-FREERTOS_V1.1.0, X-CUBE-GNSS1_V6.0.0, X-CUBE-MEMS1_V9.1.0, X-CUBE-MEMS1_V9.4.0, X-CUBE-MEMS1_V9.6.0, X-CUBE-NFC4_V3.0.0, X-CUBE-NFC7_V1.0.0, X-CUBE-SFXS2LP1_V4.0.0, X-CUBE-SUBG2_V5.0.0, X-CUBE-TOF1_V3.3.1]
2023-10-04 15:01:29,975 [INFO] DbExamples:130 - Found 7278 examples
2023-10-04 15:01:30,581 [ERROR] DbExamples:206 - Found 7278 examples with invalid data (board or MCU)
2023-10-04 15:01:30,581 [INFO] DbExamples:222 - Found 79 boards with related examples
2023-10-04 15:01:30,581 [INFO] DbExamples:235 - Found 0 MCUs with related examples
2023-10-04 15:01:30,602 [INFO] ApiDb:242 - User favorites file not found: C:\Users\nvnha/.stm32cubeide/favorites.examples.txt
2023-10-04 15:01:30,602 [INFO] DbExamples:256 - Set 0 / 0 favorites Examples
2023-10-04 15:01:30,902 [INFO] McuFinderGlobals:52 - Set McuFinderConnectedMode to false
2023-10-04 15:01:30,988 [INFO] CrossSelectorPresenter:1330 - Cross Selector saved comparison directory: C:\Users\nvnha\.stmcufinder\plugins\mcufinder\mcu\cs_comparisons_mx
2023-10-04 15:01:30,994 [INFO] MultiScanPanel:197 - Auto-refresh data requested => check proxy status ongoing
2023-10-04 15:01:30,994 [INFO] MultiScanPanel:201 - Proxy status is invalid
2023-10-04 15:01:30,997 [INFO] FinderPluginLoader:87 - Searching for filters in installed packs
2023-10-04 15:01:31,412 [INFO] DetailPanel:309 - Set advertising image to C:/Users/nvnha/STM32Cube/Repository/\en.prom-stm32h5-mcu-finder.jpg
2023-10-04 15:04:56,709 [INFO] MainUpdater:2671 - connection check result : 10
2023-10-04 15:04:56,710 [INFO] MainUpdater:2671 - connection check result : 10
2023-10-04 15:04:56,759 [INFO] MicroXplorer:448 - Change Database Path : 
2023-10-04 15:04:56,760 [INFO] MicroXplorer:478 - Change Database Version : DB.6.0.30
2023-10-04 15:04:56,760 [WARN] ThirdParty:813 - waiting for thirdparty lock release [close project]
2023-10-04 15:04:56,760 [INFO] ThirdParty:815 - entering critical section [close project]
2023-10-04 15:04:56,760 [INFO] ThirdParty:825 - exiting critical section [close project]
2023-10-04 15:04:56,763 [INFO] PinOutPanel:1463 - setPackage(No Configuration,No Configuration)
2023-10-04 15:04:56,764 [INFO] UtilMem:74 - Begin LoadConfig() Used Memory: 759412512 Bytes (872415232)
2023-10-04 15:04:56,765 [INFO] MicroXplorer:448 - Change Database Path : 
2023-10-04 15:04:56,765 [INFO] MicroXplorer:478 - Change Database Version : DB.6.0.30
2023-10-04 15:04:56,765 [INFO] OpenFileManager:313 - Change cursor
2023-10-04 15:04:57,468 [INFO] Context:592 - Trying to add GPIOservice into a context  which must be forbidden
2023-10-04 15:04:57,636 [INFO] ImportTextPane:167 - (OptionalMessage_ERROR) Unable to find key (Mcu.ThirdPartyNb) in loaded IOC file
2023-10-04 15:04:57,637 [INFO] ImportTextPane:167 - (OptionalMessage_ERROR) Unable to find key (Mcu.PinsNb) in loaded IOC file
2023-10-04 15:04:57,637 [INFO] ImportTextPane:167 - (OptionalMessage_ERROR) Unable to find key (Mcu.IPNb) in loaded IOC file
2023-10-04 15:04:57,669 [WARN] ApiManager:304 - Cannot register API 'Board Extension:GNSS1A1' from pack STMicroelectronics.X-CUBE-GNSS1.6.0.0: no header file found
2023-10-04 15:04:57,669 [WARN] ApiManager:304 - Cannot register API 'Board Support:Custom' from pack STMicroelectronics.X-CUBE-GNSS1.6.0.0: no header file found
2023-10-04 15:04:57,669 [WARN] ApiManager:304 - Cannot register API 'Data Exchange:lib_gnss' from pack STMicroelectronics.X-CUBE-GNSS1.6.0.0: no header file found
2023-10-04 15:04:57,672 [WARN] ApiManager:304 - Cannot register API 'Wireless:BlueNRG-MS' from pack STMicroelectronics.X-CUBE-BLE1.7.0.0: no header file found
2023-10-04 15:04:57,675 [WARN] ModelIntegratedComponent:60 - No mode defined for component null
2023-10-04 15:04:57,675 [WARN] ModelIntegratedComponent:60 - No mode defined for component null
2023-10-04 15:04:57,675 [WARN] ModelIntegratedComponent:60 - No mode defined for component null
2023-10-04 15:04:57,675 [WARN] ModelIntegratedComponent:60 - No mode defined for component null
2023-10-04 15:04:57,675 [WARN] ModelIntegratedComponent:60 - No mode defined for component null
2023-10-04 15:04:57,675 [WARN] ModelIntegratedComponent:60 - No mode defined for component null
2023-10-04 15:04:57,675 [WARN] ModelIntegratedComponent:60 - No mode defined for component null
2023-10-04 15:04:57,675 [WARN] ModelIntegratedComponent:60 - No mode defined for component null
2023-10-04 15:04:57,675 [WARN] ModelIntegratedComponent:60 - No mode defined for component null
2023-10-04 15:04:57,675 [WARN] ModelIntegratedComponent:60 - No mode defined for component null
2023-10-04 15:04:57,675 [WARN] ModelIntegratedComponent:60 - No mode defined for component null
2023-10-04 15:04:57,675 [WARN] ModelIntegratedComponent:60 - No mode defined for component null
2023-10-04 15:04:57,675 [WARN] ModelIntegratedComponent:60 - No mode defined for component null
2023-10-04 15:04:57,675 [WARN] ModelIntegratedComponent:60 - No mode defined for component null
2023-10-04 15:04:57,675 [WARN] ModelIntegratedComponent:60 - No mode defined for component null
2023-10-04 15:04:57,676 [WARN] ModelIntegratedComponent:60 - No mode defined for component null
2023-10-04 15:04:57,676 [WARN] ModelIntegratedComponent:60 - No mode defined for component null
2023-10-04 15:04:57,676 [WARN] ModelIntegratedComponent:60 - No mode defined for component null
2023-10-04 15:04:57,676 [WARN] ModelIntegratedComponent:60 - No mode defined for component null
2023-10-04 15:04:57,676 [WARN] ModelIntegratedComponent:60 - No mode defined for component null
2023-10-04 15:04:57,676 [WARN] ModelIntegratedComponent:60 - No mode defined for component null
2023-10-04 15:04:57,676 [WARN] ModelIntegratedComponent:60 - No mode defined for component null
2023-10-04 15:04:57,676 [WARN] ModelIntegratedComponent:60 - No mode defined for component null
2023-10-04 15:04:57,676 [WARN] ModelIntegratedComponent:60 - No mode defined for component null
2023-10-04 15:04:57,676 [WARN] ModelIntegratedComponent:60 - No mode defined for component null
2023-10-04 15:04:57,676 [WARN] ModelIntegratedComponent:60 - No mode defined for component null
2023-10-04 15:04:57,676 [WARN] ModelIntegratedComponent:60 - No mode defined for component null
2023-10-04 15:04:57,676 [WARN] ModelIntegratedComponent:60 - No mode defined for component null
2023-10-04 15:04:57,676 [WARN] ModelIntegratedComponent:60 - No mode defined for component null
2023-10-04 15:04:57,676 [WARN] ModelIntegratedComponent:60 - No mode defined for component null
2023-10-04 15:04:57,676 [WARN] ModelIntegratedComponent:60 - No mode defined for component null
2023-10-04 15:04:57,679 [WARN] ApiManager:304 - Cannot register API 'Board Extension:NFC07A1' from pack STMicroelectronics.X-CUBE-NFC7.1.0.1: no header file found
2023-10-04 15:04:57,682 [WARN] ApiManager:304 - Cannot register API 'Board Extension:NFC06A1' from pack STMicroelectronics.X-CUBE-NFC6.3.0.0: no header file found
2023-10-04 15:04:57,682 [WARN] ApiManager:304 - Cannot register API 'Board Extension:NFC08A1' from pack STMicroelectronics.X-CUBE-NFC6.3.0.0: no header file found
2023-10-04 15:04:57,683 [WARN] ApiManager:304 - Cannot register API 'Board Extension:EEPRMA1' from pack STMicroelectronics.X-CUBE-EEPRMA1.4.1.0: no header file found
2023-10-04 15:04:57,683 [WARN] ApiManager:304 - Cannot register API 'Board Extension:EEPRMA2' from pack STMicroelectronics.X-CUBE-EEPRMA1.4.1.0: no header file found
2023-10-04 15:04:57,683 [WARN] ApiManager:304 - Cannot register API 'Board Extension:PGEEZ1' from pack STMicroelectronics.X-CUBE-EEPRMA1.4.1.0: no header file found
2023-10-04 15:04:57,683 [WARN] ApiManager:304 - Cannot register API 'Board Part:M24' from pack STMicroelectronics.X-CUBE-EEPRMA1.4.1.0: no header file found
2023-10-04 15:04:57,683 [WARN] ApiManager:304 - Cannot register API 'Board Part:M95' from pack STMicroelectronics.X-CUBE-EEPRMA1.4.1.0: no header file found
2023-10-04 15:04:57,684 [WARN] ApiManager:304 - Cannot register API 'Board Part:M95P32' from pack STMicroelectronics.X-CUBE-EEPRMA1.4.1.0: no header file found
2023-10-04 15:04:57,684 [WARN] ApiManager:304 - Cannot register API 'PGEEZ1:SPI' from pack STMicroelectronics.X-CUBE-EEPRMA1.4.1.0: no header file found
2023-10-04 15:04:57,684 [WARN] ApiManager:304 - Cannot register API 'PGEEZ1:QDSPI' from pack STMicroelectronics.X-CUBE-EEPRMA1.4.1.0: no header file found
2023-10-04 15:04:57,850 [WARN] ApiManager:304 - Cannot register API 'Board Extension:IKS01A3' from pack STMicroelectronics.X-CUBE-MEMS1.9.6.0: no header file found
2023-10-04 15:04:57,850 [WARN] ApiManager:304 - Cannot register API 'Board Extension:IKS01A2' from pack STMicroelectronics.X-CUBE-MEMS1.9.6.0: no header file found
2023-10-04 15:04:57,850 [WARN] ApiManager:304 - Cannot register API 'Board Extension:IKS02A1' from pack STMicroelectronics.X-CUBE-MEMS1.9.6.0: no header file found
2023-10-04 15:04:57,860 [INFO] RtosManager:484 - Registered RTOS mode: class=CMSIS, group=RTOS, mode=CMSIS_V1, owner=FREERTOS
2023-10-04 15:04:57,861 [INFO] RtosManager:484 - Registered RTOS mode: class=CMSIS, group=RTOS2, mode=CMSIS_V2, owner=FREERTOS
2023-10-04 15:04:57,861 [INFO] RtosManager:484 - Registered RTOS mode: class=RTOS, group=Core, mode=CMSIS_V1, owner=FREERTOS
2023-10-04 15:04:57,862 [INFO] RtosManager:484 - Registered RTOS mode: class=RTOS, group=Core, mode=CMSIS_V2, owner=FREERTOS
2023-10-04 15:04:57,862 [WARN] ModelIntegratedComponent:181 - Missing modes for component STMicroelectronics:FreeRTOS:0.0.1:STMicroelectronics:RTOS:FreeRTOS:Core:::10.2.0:
2023-10-04 15:04:57,864 [WARN] ApiManager:304 - Cannot register API 'Board Extension:NFC04A1' from pack STMicroelectronics.X-CUBE-NFC4.3.0.0: no header file found
2023-10-04 15:04:57,866 [WARN] ApiManager:304 - Cannot register API 'Board Extension:S2868A1' from pack STMicroelectronics.X-CUBE-SUBG2.5.0.0: no header file found
2023-10-04 15:04:57,866 [WARN] ApiManager:304 - Cannot register API 'Board Extension:S2868A2' from pack STMicroelectronics.X-CUBE-SUBG2.5.0.0: no header file found
2023-10-04 15:04:57,866 [WARN] ApiManager:304 - Cannot register API 'Board Extension:S2915A1' from pack STMicroelectronics.X-CUBE-SUBG2.5.0.0: no header file found
2023-10-04 15:04:57,869 [WARN] ApiManager:304 - Cannot register API 'Board Extension:S2868A1' from pack STMicroelectronics.X-CUBE-SFXS2LP1.4.0.0: no header file found
2023-10-04 15:04:57,869 [WARN] ApiManager:304 - Cannot register API 'Board Extension:S2868A2' from pack STMicroelectronics.X-CUBE-SFXS2LP1.4.0.0: no header file found
2023-10-04 15:04:57,869 [WARN] ApiManager:304 - Cannot register API 'Board Extension:S2915A1' from pack STMicroelectronics.X-CUBE-SFXS2LP1.4.0.0: no header file found
2023-10-04 15:04:57,869 [WARN] ApiManager:304 - Cannot register API 'Wireless:BlueNRG-2' from pack STMicroelectronics.X-CUBE-BLE2.3.3.0: no header file found
2023-10-04 15:04:59,029 [INFO] UtilMem:74 - End LoadConfig() Used Memory: 735239904 Bytes (872415232)
2023-10-04 15:04:59,037 [WARN] ThirdParty:779 - waiting for thirdparty lock release [change project]
2023-10-04 15:04:59,037 [INFO] ThirdParty:781 - entering critical section [change project]
2023-10-04 15:04:59,038 [INFO] ThirdParty:967 - CMSIS Pack Vendor :STMicroelectronics X-CUBE-ISPU 1.1.0
2023-10-04 15:04:59,038 [INFO] ThirdParty:967 - CMSIS Pack Vendor :STMicroelectronics X-CUBE-GNSS1 6.0.0
2023-10-04 15:04:59,038 [INFO] ThirdParty:967 - CMSIS Pack Vendor :STMicroelectronics USB_HOST 2.0.0
2023-10-04 15:04:59,038 [INFO] ThirdParty:967 - CMSIS Pack Vendor :STMicroelectronics X-CUBE-AZRTOS-F4 1.1.0
2023-10-04 15:04:59,038 [INFO] ThirdParty:967 - CMSIS Pack Vendor :STMicroelectronics X-CUBE-BLE1 7.0.0
2023-10-04 15:04:59,038 [INFO] ThirdParty:967 - CMSIS Pack Vendor :STMicroelectronics FP-ATR-SIGFOX1 3.2.0
2023-10-04 15:04:59,038 [INFO] ThirdParty:967 - CMSIS Pack Vendor :wolfSSL I-CUBE-wolfSSL 5.6.3
2023-10-04 15:04:59,038 [INFO] ThirdParty:967 - CMSIS Pack Vendor :STMicroelectronics USB_DEVICE 3.0.0
2023-10-04 15:04:59,038 [INFO] ThirdParty:967 - CMSIS Pack Vendor :STMicroelectronics HAL Drivers 0.0.0
2023-10-04 15:04:59,038 [INFO] ThirdParty:967 - CMSIS Pack Vendor :STMicroelectronics MBEDTLS 2.16.2
2023-10-04 15:04:59,038 [INFO] ThirdParty:967 - CMSIS Pack Vendor :STMicroelectronics X-CUBE-AZRTOS-WB 2.0.0
2023-10-04 15:04:59,038 [INFO] ThirdParty:967 - CMSIS Pack Vendor :STMicroelectronics X-CUBE-TOUCHGFX 4.22.0
2023-10-04 15:04:59,038 [INFO] ThirdParty:967 - CMSIS Pack Vendor :STMicroelectronics X-CUBE-NFC7 1.0.1
2023-10-04 15:04:59,038 [INFO] ThirdParty:967 - CMSIS Pack Vendor :STMicroelectronics MBEDTLS 2.14.1
2023-10-04 15:04:59,038 [INFO] ThirdParty:967 - CMSIS Pack Vendor :STMicroelectronics X-CUBE-TOUCHGFX 4.22.1
2023-10-04 15:04:59,038 [INFO] ThirdParty:967 - CMSIS Pack Vendor :STMicroelectronics X-CUBE-AZRTOS-F7 1.1.0
2023-10-04 15:04:59,038 [INFO] ThirdParty:967 - CMSIS Pack Vendor :STMicroelectronics X-CUBE-AZRTOS-L5 2.0.0
2023-10-04 15:04:59,038 [INFO] ThirdParty:967 - CMSIS Pack Vendor :STMicroelectronics X-CUBE-NFC6 3.0.0
2023-10-04 15:04:59,038 [INFO] ThirdParty:967 - CMSIS Pack Vendor :STMicroelectronics X-CUBE-EEPRMA1 4.1.0
2023-10-04 15:04:59,039 [INFO] ThirdParty:967 - CMSIS Pack Vendor :portGmbH I-Cube-SoM-uGOAL 1.1.0
2023-10-04 15:04:59,039 [INFO] ThirdParty:967 - CMSIS Pack Vendor :STMicroelectronics X-CUBE-ALS 1.0.1
2023-10-04 15:04:59,039 [INFO] ThirdParty:967 - CMSIS Pack Vendor :STMicroelectronics USB_DEVICE 2.0.0
2023-10-04 15:04:59,039 [INFO] ThirdParty:967 - CMSIS Pack Vendor :STMicroelectronics X-CUBE-MEMS1 9.6.0
2023-10-04 15:04:59,039 [INFO] ThirdParty:967 - CMSIS Pack Vendor :STMicroelectronics X-CUBE-AZRTOS-WL 2.0.0
2023-10-04 15:04:59,039 [INFO] ThirdParty:967 - CMSIS Pack Vendor :STMicroelectronics X-CUBE-ALGOBUILD 1.3.0
2023-10-04 15:04:59,039 [INFO] ThirdParty:967 - CMSIS Pack Vendor :SEGGER I-CUBE-embOS 1.3.1
2023-10-04 15:04:59,039 [INFO] ThirdParty:967 - CMSIS Pack Vendor :STMicroelectronics FreeRTOS 0.0.1
2023-10-04 15:04:59,039 [INFO] ThirdParty:967 - CMSIS Pack Vendor :STMicroelectronics X-CUBE-AZRTOS-G0 1.1.0
2023-10-04 15:04:59,039 [INFO] ThirdParty:967 - CMSIS Pack Vendor :STMicroelectronics USB_DEVICE 1.0.0
2023-10-04 15:04:59,039 [INFO] ThirdParty:967 - CMSIS Pack Vendor :STMicroelectronics X-CUBE-BLEMGR 2.0.0
2023-10-04 15:04:59,039 [INFO] ThirdParty:967 - CMSIS Pack Vendor :STMicroelectronics X-CUBE-AI 8.1.0
2023-10-04 15:04:59,039 [INFO] ThirdParty:967 - CMSIS Pack Vendor :STMicroelectronics X-CUBE-NFC4 3.0.0
2023-10-04 15:04:59,039 [INFO] ThirdParty:967 - CMSIS Pack Vendor :STMicroelectronics X-CUBE-SUBG2 5.0.0
2023-10-04 15:04:59,039 [INFO] ThirdParty:967 - CMSIS Pack Vendor :STMicroelectronics X-CUBE-AZRTOS-L4 2.0.0
2023-10-04 15:04:59,039 [INFO] ThirdParty:967 - CMSIS Pack Vendor :STMicroelectronics ThreadX 0.0.2
2023-10-04 15:04:59,039 [INFO] ThirdParty:967 - CMSIS Pack Vendor :WES I-CUBE-Cesium 1.3.0
2023-10-04 15:04:59,039 [INFO] ThirdParty:967 - CMSIS Pack Vendor :STMicroelectronics FP-ATR-ASTRA1 2.0.0
2023-10-04 15:04:59,039 [INFO] ThirdParty:967 - CMSIS Pack Vendor :STMicroelectronics lwIP 2.0.3
2023-10-04 15:04:59,039 [INFO] ThirdParty:967 - CMSIS Pack Vendor :STMicroelectronics lwIP 2.1.2
2023-10-04 15:04:59,039 [INFO] ThirdParty:967 - CMSIS Pack Vendor :STMicroelectronics X-CUBE-SFXS2LP1 4.0.0
2023-10-04 15:04:59,039 [INFO] ThirdParty:967 - CMSIS Pack Vendor :STMicroelectronics X-CUBE-BLE2 3.3.0
2023-10-04 15:04:59,039 [INFO] ThirdParty:967 - CMSIS Pack Vendor :STMicroelectronics USB_HOST 1.0.0
2023-10-04 15:04:59,039 [INFO] ThirdParty:967 - CMSIS Pack Vendor :STMicroelectronics X-CUBE-AZRTOS-G4 2.0.0
2023-10-04 15:04:59,039 [INFO] ThirdParty:967 - CMSIS Pack Vendor :STMicroelectronics PDM2PCM 3.1.0
2023-10-04 15:04:59,039 [INFO] ThirdParty:967 - CMSIS Pack Vendor :STMicroelectronics X-CUBE-AZRTOS-H7 3.1.0
2023-10-04 15:04:59,039 [INFO] ThirdParty:967 - CMSIS Pack Vendor :STMicroelectronics PDM2PCM 3.2.0
2023-10-04 15:04:59,039 [INFO] ThirdParty:967 - CMSIS Pack Vendor :STMicroelectronics PDM2PCM 3.3.0
2023-10-04 15:04:59,039 [INFO] ThirdParty:787 - exiting critical section [change project]
2023-10-04 15:04:59,214 [INFO] PinOutPanel:1463 - setPackage(No Configuration,No Configuration)
2023-10-04 15:04:59,215 [INFO] PinOutPanel:1463 - setPackage(STM32F103C6Ux,UFQFPN48)
2023-10-04 15:04:59,492 [INFO] UtilMem:74 - Before build in PCC Used Memory: 700323696 Bytes (872415232)
2023-10-04 15:05:00,008 [INFO] UtilMem:74 - After build in PCC Used Memory: 701709384 Bytes (872415232)
2023-10-04 15:05:00,025 [INFO] IPUIPlugin:74 - create IPUIPlugin
2023-10-04 15:05:00,026 [INFO] IPUIPlugin:74 - create IPUIPlugin
2023-10-04 15:05:00,026 [INFO] IPUIPlugin:74 - create IPUIPlugin
2023-10-04 15:05:00,026 [INFO] IPUIPlugin:74 - create IPUIPlugin
2023-10-04 15:05:00,026 [INFO] IPUIPlugin:74 - create IPUIPlugin
2023-10-04 15:05:00,026 [INFO] IPUIPlugin:74 - create IPUIPlugin
2023-10-04 15:05:00,026 [INFO] IPUIPlugin:74 - create IPUIPlugin
2023-10-04 15:05:00,026 [INFO] IPUIPlugin:74 - create IPUIPlugin
2023-10-04 15:05:00,026 [INFO] IPUIPlugin:74 - create IPUIPlugin
2023-10-04 15:05:00,026 [INFO] IPUIPlugin:74 - create IPUIPlugin
2023-10-04 15:05:00,027 [INFO] IPUIPlugin:74 - create IPUIPlugin
2023-10-04 15:05:00,027 [INFO] IPUIPlugin:74 - create IPUIPlugin
2023-10-04 15:05:00,027 [INFO] IPUIPlugin:74 - create IPUIPlugin
2023-10-04 15:05:00,027 [INFO] IPUIPlugin:74 - create IPUIPlugin
2023-10-04 15:05:00,027 [INFO] IPUIPlugin:74 - create IPUIPlugin
2023-10-04 15:05:00,028 [INFO] IPUIPlugin:74 - create IPUIPlugin
2023-10-04 15:05:00,028 [INFO] IPUIPlugin:74 - create IPUIPlugin
2023-10-04 15:05:00,028 [INFO] IPUIPlugin:74 - create IPUIPlugin
2023-10-04 15:05:00,028 [INFO] IPUIPlugin:74 - create IPUIPlugin
2023-10-04 15:05:00,028 [INFO] IPUIPlugin:74 - create IPUIPlugin
2023-10-04 15:05:00,029 [INFO] IPUIPlugin:74 - create IPUIPlugin
2023-10-04 15:05:00,029 [INFO] IPUIPlugin:74 - create IPUIPlugin
2023-10-04 15:05:00,029 [INFO] IPUIPlugin:74 - create IPUIPlugin
2023-10-04 15:05:00,128 [INFO] OpenFileManager:333 - Restore cursor
2023-10-04 15:05:00,338 [INFO] UtilMem:74 - End SaveConfig() Used Memory: 766194760 Bytes (872415232)
2023-10-04 15:05:00,378 [INFO] UtilMem:74 - End SaveConfig() Used Memory: 708050288 Bytes (872415232)
2023-10-04 15:05:00,640 [INFO] BlockDiagram:2740 - set Specific Code input for plugin: NVIC
2023-10-04 15:05:00,640 [INFO] BlockDiagram:2740 - set Specific Code input for plugin: SYS
2023-10-04 15:05:00,640 [INFO] BlockDiagram:2740 - set Specific Code input for plugin: RCC
2023-10-04 15:05:00,641 [INFO] CodeGenerator:663 - code generatio: config db path: C:\ST\STM32CubeIDE_1.7.0\STM32CubeIDE\plugins\com.st.stm32cube.common.mx_6.3.0.202107141111\\db\
2023-10-04 15:05:00,871 [INFO] CodeEngine:239 - oldGeneratedFile, D:\HK231\Microprocessor - Microcontroller\Lab\LAB1\Ex4\MXTmpFiles\license.tmp_save
2023-10-04 15:05:01,147 [INFO] CodeEngine:257 - Generated code: D:\HK231\Microprocessor - Microcontroller\Lab\LAB1\Ex4\MXTmpFiles\license.tmp
2023-10-04 15:05:01,249 [INFO] CodeEngine:239 - oldGeneratedFile, D:\HK231\Microprocessor - Microcontroller\Lab\LAB1\Ex4\Core\Src\stm32f1xx_it.c_save
2023-10-04 15:05:01,940 [INFO] CodeEngine:257 - Generated code: D:\HK231\Microprocessor - Microcontroller\Lab\LAB1\Ex4\Core\Src\stm32f1xx_it.c
2023-10-04 15:05:01,947 [INFO] CodeEngine:239 - oldGeneratedFile, D:\HK231\Microprocessor - Microcontroller\Lab\LAB1\Ex4\Core\Inc\stm32f1xx_it.h_save
2023-10-04 15:05:02,012 [INFO] CodeEngine:257 - Generated code: D:\HK231\Microprocessor - Microcontroller\Lab\LAB1\Ex4\Core\Inc\stm32f1xx_it.h
2023-10-04 15:05:02,024 [INFO] CodeEngine:239 - oldGeneratedFile, D:\HK231\Microprocessor - Microcontroller\Lab\LAB1\Ex4\Core\Src\stm32f1xx_hal_msp.c_save
2023-10-04 15:05:02,114 [INFO] CodeEngine:257 - Generated code: D:\HK231\Microprocessor - Microcontroller\Lab\LAB1\Ex4\Core\Src\stm32f1xx_hal_msp.c
2023-10-04 15:05:02,121 [INFO] CodeEngine:239 - oldGeneratedFile, D:\HK231\Microprocessor - Microcontroller\Lab\LAB1\Ex4\MXTmpFiles\system.tmp_save
2023-10-04 15:05:02,168 [INFO] CodeEngine:257 - Generated code: D:\HK231\Microprocessor - Microcontroller\Lab\LAB1\Ex4\MXTmpFiles\system.tmp
2023-10-04 15:05:02,180 [INFO] CodeEngine:239 - oldGeneratedFile, D:\HK231\Microprocessor - Microcontroller\Lab\LAB1\Ex4\Core\Inc\stm32f1xx_hal_conf.h_save
2023-10-04 15:05:02,257 [INFO] CodeEngine:257 - Generated code: D:\HK231\Microprocessor - Microcontroller\Lab\LAB1\Ex4\Core\Inc\stm32f1xx_hal_conf.h
2023-10-04 15:05:02,298 [INFO] CodeEngine:239 - oldGeneratedFile, D:\HK231\Microprocessor - Microcontroller\Lab\LAB1\Ex4\Core\Inc\main.h_save
2023-10-04 15:05:02,376 [INFO] CodeEngine:257 - Generated code: D:\HK231\Microprocessor - Microcontroller\Lab\LAB1\Ex4\Core\Inc\main.h
2023-10-04 15:05:02,384 [INFO] CodeEngine:239 - oldGeneratedFile, D:\HK231\Microprocessor - Microcontroller\Lab\LAB1\Ex4\Core\Src\main.c_save
2023-10-04 15:05:02,942 [INFO] CodeEngine:257 - Generated code: D:\HK231\Microprocessor - Microcontroller\Lab\LAB1\Ex4\Core\Src\main.c
2023-10-04 15:05:03,614 [INFO] ProjectBuilder:2578 - Time for Copy HAL[1] : 71mS.
2023-10-04 15:05:03,618 [INFO] ProjectBuilder:3622 - Project Generator version: 3.14.1
2023-10-04 15:05:04,103 [INFO] ConfigFileManager:1271 - The Die is : DIE412
2023-10-04 15:05:04,130 [INFO] ApiDbMcu:468 - Load IP Config File for FATFS
2023-10-04 15:05:04,181 [INFO] ApiDbMcu:468 - Load IP Config File for FREERTOS
2023-10-04 15:05:04,214 [INFO] ApiDbMcu:468 - Load IP Config File for USB_DEVICE
2023-10-04 15:05:08,254 [INFO] ProjectBuilder:3789 - Time for Generating toolchain IDE Files: 4636mS.
2023-10-04 15:05:08,255 [INFO] ProjectBuilder:2457 - Time for Copy CMSIS : 0mS.
2023-10-04 15:05:08,256 [INFO] ProjectBuilder:2457 - Time for Copy CMSIS : 0mS.
2023-10-04 15:05:08,932 [INFO] McuFinderGlobals:52 - Set McuFinderConnectedMode to true
2023-10-04 15:05:08,933 [INFO] ApiDb:276 - Save user favorites file C:\Users\nvnha/.stm32cubeide/favorites.mcus.txt: 0 item(s)
2023-10-04 15:05:08,933 [INFO] ApiDb:280 - User favorites MCUs=[]
